Using pre-set license
Built from '2020.3/staging' branch; Version is '2020.3.3f1 (76626098c1c4) revision 7758432'; Using compiler version '192528614'; Build Type 'Release'
OS: 'Windows 10 Pro; OS build 19042.1110; Version 2009; 64bit' Language: 'zh' Physical Memory: 32691 MB
BatchMode: 1, IsHumanControllingUs: 0, StartBugReporterOnCrash: 0, Is64bit: 1, IsPro: 0

 COMMAND LINE ARGUMENTS:
C:\Program Files\Unity\Hub\Editor\2020.3.3f1\Editor\Unity.exe
-adb2
-batchMode
-noUpm
-name
AssetImportWorker0
-projectPath
E:/github/Unity-3D-project/VGP142 Assignment
-logFile
Logs/AssetImportWorker0.log
-srvPort
50401
Successfully changed project path to: E:/github/Unity-3D-project/VGP142 Assignment
E:/github/Unity-3D-project/VGP142 Assignment
Using Asset Import Pipeline V2.
Refreshing native plugins compatible for Editor in 36.55 ms, found 0 plugins.
Preloading 0 native plugins for Editor in 0.00 ms.
Initialize engine version: 2020.3.3f1 (76626098c1c4)
[Subsystems] Discovering subsystems at path C:/Program Files/Unity/Hub/Editor/2020.3.3f1/Editor/Data/Resources/UnitySubsystems
[Subsystems] Discovering subsystems at path E:/github/Unity-3D-project/VGP142 Assignment/Assets
GfxDevice: creating device client; threaded=0
Direct3D:
    Version:  Direct3D 11.0 [level 11.1]
    Renderer: NVIDIA GeForce RTX 2080 Ti (ID=0x1e07)
    Vendor:   
    VRAM:     11048 MB
    Driver:   27.21.14.6677
Initialize mono
Mono path[0] = 'C:/Program Files/Unity/Hub/Editor/2020.3.3f1/Editor/Data/Managed'
Mono path[1] = 'C:/Program Files/Unity/Hub/Editor/2020.3.3f1/Editor/Data/MonoBleedingEdge/lib/mono/unityjit'
Mono config path = 'C:/Program Files/Unity/Hub/Editor/2020.3.3f1/Editor/Data/MonoBleedingEdge/etc'
Using monoOptions --debugger-agent=transport=dt_socket,embedding=1,server=y,suspend=n,address=127.0.0.1:56144
Begin MonoManager ReloadAssembly
Registering precompiled unity dll's ...
Register platform support module: C:/Program Files/Unity/Hub/Editor/2020.3.3f1/Editor/Data/PlaybackEngines/WindowsStandaloneSupport/UnityEditor.WindowsStandalone.Extensions.dll
Registered in 0.002520 seconds.
Native extension for WindowsStandalone target not found
Refreshing native plugins compatible for Editor in 28.18 ms, found 0 plugins.
Preloading 0 native plugins for Editor in 0.00 ms.
Invoked RoslynAnalysisRunner static constructor.
RoslynAnalysisRunner will not be running.
RoslynAnalysisRunner has terminated.
Mono: successfully reloaded assembly
- Completed reload, in  1.070 seconds
Platform modules already initialized, skipping
Registering precompiled user dll's ...
Registered in 0.000448 seconds.
Begin MonoManager ReloadAssembly
Native extension for WindowsStandalone target not found
Refreshing native plugins compatible for Editor in 0.24 ms, found 0 plugins.
Preloading 0 native plugins for Editor in 0.00 ms.
Invoked RoslynAnalysisRunner static constructor.
RoslynAnalysisRunner will not be running.
RoslynAnalysisRunner has terminated.
Mono: successfully reloaded assembly
- Completed reload, in  0.786 seconds
Platform modules already initialized, skipping
========================================================================
Worker process is ready to serve import requests
Launched and connected shader compiler UnityShaderCompiler.exe after 0.05 seconds
Refreshing native plugins compatible for Editor in 0.22 ms, found 0 plugins.
Preloading 0 native plugins for Editor in 0.00 ms.
Unloading 1262 Unused Serialized files (Serialized files now loaded: 0)
System memory in use before: 99.2 MB.
System memory in use after: 98.9 MB.

Unloading 11 unused Assets to reduce memory usage. Loaded Objects now: 1743.
Total: 1.706400 ms (FindLiveObjects: 0.134800 ms CreateObjectMapping: 0.044000 ms MarkObjects: 1.217100 ms  DeleteObjects: 0.309700 ms)

========================================================================
Received Import Request.
  path: ProjectSettings/TagManager.asset
  artifactKey: Guid(00000000000000003000000000000000) Importer(815301076,1909f56bfc062723c751e8b465ee728b)
Start importing ProjectSettings/TagManager.asset using Guid(00000000000000003000000000000000) Importer(815301076,1909f56bfc062723c751e8b465ee728b)  -> (artifact id: '69c2fe644bfe3539e964f9b94de6b227') in 0.040699 seconds
  Import took 0.042479 seconds .

========================================================================
Received Import Request.
  Time since last request: 50.552393 seconds.
  path: Assets/Script
  artifactKey: Guid(c0777e41c64362948adb9accf7855e68) Importer(815301076,1909f56bfc062723c751e8b465ee728b)
Start importing Assets/Script using Guid(c0777e41c64362948adb9accf7855e68) Importer(815301076,1909f56bfc062723c751e8b465ee728b)  -> (artifact id: '1cbfb763996611b63e73c99c0cc64aff') in 0.005516 seconds
  Import took 0.007640 seconds .

========================================================================
Received Import Request.
  Time since last request: 0.001185 seconds.
  path: Assets/Script
  artifactKey: Guid(c0777e41c64362948adb9accf7855e68) Importer(815301076,1909f56bfc062723c751e8b465ee728b)
Start importing Assets/Script using Guid(c0777e41c64362948adb9accf7855e68) Importer(815301076,1909f56bfc062723c751e8b465ee728b)  -> (artifact id: '1cbfb763996611b63e73c99c0cc64aff') in 0.004949 seconds
  Import took 0.006763 seconds .

========================================================================
Received Import Request.
  Time since last request: 62.476585 seconds.
  path: Assets/Script/SpawnPoint.cs
  artifactKey: Guid(72958d8bd1349074ca9633a6d3e8d63e) Importer(815301076,1909f56bfc062723c751e8b465ee728b)
Start importing Assets/Script/SpawnPoint.cs using Guid(72958d8bd1349074ca9633a6d3e8d63e) Importer(815301076,1909f56bfc062723c751e8b465ee728b)  -> (artifact id: '6cea7ea6480f45071b99094382c23529') in 0.018475 seconds
  Import took 0.020511 seconds .

========================================================================
Received Prepare
Registering precompiled user dll's ...
Registered in 0.000476 seconds.
Begin MonoManager ReloadAssembly
Native extension for WindowsStandalone target not found
Refreshing native plugins compatible for Editor in 0.23 ms, found 0 plugins.
Preloading 0 native plugins for Editor in 0.00 ms.
Invoked RoslynAnalysisRunner static constructor.
RoslynAnalysisRunner will not be running.
RoslynAnalysisRunner has terminated.
Mono: successfully reloaded assembly
- Completed reload, in  0.733 seconds
Platform modules already initialized, skipping
Refreshing native plugins compatible for Editor in 0.23 ms, found 0 plugins.
Preloading 0 native plugins for Editor in 0.00 ms.
Unloading 1226 Unused Serialized files (Serialized files now loaded: 0)
System memory in use before: 96.0 MB.
System memory in use after: 95.7 MB.

Unloading 8 unused Assets to reduce memory usage. Loaded Objects now: 1747.
Total: 1.996700 ms (FindLiveObjects: 0.123800 ms CreateObjectMapping: 0.034200 ms MarkObjects: 1.518800 ms  DeleteObjects: 0.319000 ms)

========================================================================
Received Import Request.
  Time since last request: 1196.421183 seconds.
  path: Assets/Script/PrefabSpawner.cs
  artifactKey: Guid(24d14e9cfd9e0fa43a4f3262cf039ce2) Importer(815301076,1909f56bfc062723c751e8b465ee728b)
Start importing Assets/Script/PrefabSpawner.cs using Guid(24d14e9cfd9e0fa43a4f3262cf039ce2) Importer(815301076,1909f56bfc062723c751e8b465ee728b)  -> (artifact id: '93a0a25c6fffc2e144bf160c99d34b8a') in 0.012812 seconds
  Import took 0.015503 seconds .

========================================================================
Received Prepare
Registering precompiled user dll's ...
Registered in 0.000462 seconds.
Begin MonoManager ReloadAssembly
Native extension for WindowsStandalone target not found
Refreshing native plugins compatible for Editor in 0.24 ms, found 0 plugins.
Preloading 0 native plugins for Editor in 0.00 ms.
Invoked RoslynAnalysisRunner static constructor.
RoslynAnalysisRunner will not be running.
RoslynAnalysisRunner has terminated.
Mono: successfully reloaded assembly
- Completed reload, in  0.908 seconds
Platform modules already initialized, skipping
Refreshing native plugins compatible for Editor in 0.22 ms, found 0 plugins.
Preloading 0 native plugins for Editor in 0.00 ms.
Unloading 1227 Unused Serialized files (Serialized files now loaded: 0)
System memory in use before: 96.0 MB.
System memory in use after: 95.7 MB.

Unloading 7 unused Assets to reduce memory usage. Loaded Objects now: 1751.
Total: 1.609000 ms (FindLiveObjects: 0.173400 ms CreateObjectMapping: 0.054300 ms MarkObjects: 1.054000 ms  DeleteObjects: 0.326600 ms)

========================================================================
Received Prepare
Registering precompiled user dll's ...
Registered in 0.000447 seconds.
Begin MonoManager ReloadAssembly
Native extension for WindowsStandalone target not found
Refreshing native plugins compatible for Editor in 0.23 ms, found 0 plugins.
Preloading 0 native plugins for Editor in 0.00 ms.
Invoked RoslynAnalysisRunner static constructor.
RoslynAnalysisRunner will not be running.
RoslynAnalysisRunner has terminated.
Mono: successfully reloaded assembly
- Completed reload, in  0.758 seconds
Platform modules already initialized, skipping
Refreshing native plugins compatible for Editor in 0.23 ms, found 0 plugins.
Preloading 0 native plugins for Editor in 0.00 ms.
Unloading 1227 Unused Serialized files (Serialized files now loaded: 0)
System memory in use before: 96.1 MB.
System memory in use after: 95.8 MB.

Unloading 7 unused Assets to reduce memory usage. Loaded Objects now: 1754.
Total: 1.863600 ms (FindLiveObjects: 0.199700 ms CreateObjectMapping: 0.044200 ms MarkObjects: 1.261800 ms  DeleteObjects: 0.357100 ms)

========================================================================
Received Prepare
Registering precompiled user dll's ...
Registered in 0.000452 seconds.
Begin MonoManager ReloadAssembly
Native extension for WindowsStandalone target not found
Refreshing native plugins compatible for Editor in 0.24 ms, found 0 plugins.
Preloading 0 native plugins for Editor in 0.00 ms.
Invoked RoslynAnalysisRunner static constructor.
RoslynAnalysisRunner will not be running.
RoslynAnalysisRunner has terminated.
Mono: successfully reloaded assembly
- Completed reload, in  0.736 seconds
Platform modules already initialized, skipping
Refreshing native plugins compatible for Editor in 0.23 ms, found 0 plugins.
Preloading 0 native plugins for Editor in 0.00 ms.
Unloading 1227 Unused Serialized files (Serialized files now loaded: 0)
System memory in use before: 96.1 MB.
System memory in use after: 95.8 MB.

Unloading 7 unused Assets to reduce memory usage. Loaded Objects now: 1757.
Total: 3.064900 ms (FindLiveObjects: 0.308400 ms CreateObjectMapping: 0.079700 ms MarkObjects: 2.154800 ms  DeleteObjects: 0.520800 ms)

========================================================================
Received Import Request.
  Time since last request: 624.358717 seconds.
  path: Assets/Script/PrefabSpawner.cs
  artifactKey: Guid(24d14e9cfd9e0fa43a4f3262cf039ce2) Importer(815301076,1909f56bfc062723c751e8b465ee728b)
Start importing Assets/Script/PrefabSpawner.cs using Guid(24d14e9cfd9e0fa43a4f3262cf039ce2) Importer(815301076,1909f56bfc062723c751e8b465ee728b)  -> (artifact id: 'cad972dfe668804098f97955d5c4a5d6') in 0.006239 seconds
  Import took 0.007987 seconds .

========================================================================
Received Prepare
Registering precompiled user dll's ...
Registered in 0.000461 seconds.
Begin MonoManager ReloadAssembly
Native extension for WindowsStandalone target not found
Refreshing native plugins compatible for Editor in 0.56 ms, found 0 plugins.
Preloading 0 native plugins for Editor in 0.00 ms.
Invoked RoslynAnalysisRunner static constructor.
RoslynAnalysisRunner will not be running.
RoslynAnalysisRunner has terminated.
Mono: successfully reloaded assembly
- Completed reload, in  0.754 seconds
Platform modules already initialized, skipping
Refreshing native plugins compatible for Editor in 0.60 ms, found 0 plugins.
Preloading 0 native plugins for Editor in 0.00 ms.
Unloading 1226 Unused Serialized files (Serialized files now loaded: 0)
System memory in use before: 96.1 MB.
System memory in use after: 95.7 MB.

Unloading 8 unused Assets to reduce memory usage. Loaded Objects now: 1759.
Total: 1.767300 ms (FindLiveObjects: 0.116300 ms CreateObjectMapping: 0.031900 ms MarkObjects: 1.285800 ms  DeleteObjects: 0.332600 ms)

========================================================================
Received Import Request.
  Time since last request: 5.485546 seconds.
  path: Assets/Script/SpawnPoint.cs
  artifactKey: Guid(72958d8bd1349074ca9633a6d3e8d63e) Importer(815301076,1909f56bfc062723c751e8b465ee728b)
Start importing Assets/Script/SpawnPoint.cs using Guid(72958d8bd1349074ca9633a6d3e8d63e) Importer(815301076,1909f56bfc062723c751e8b465ee728b)  -> (artifact id: '1ebe4bba78ffbc630fee004da4ea146b') in 0.005967 seconds
  Import took 0.007687 seconds .

========================================================================
Received Prepare
Registering precompiled user dll's ...
Registered in 0.000464 seconds.
Begin MonoManager ReloadAssembly
Native extension for WindowsStandalone target not found
Refreshing native plugins compatible for Editor in 0.23 ms, found 0 plugins.
Preloading 0 native plugins for Editor in 0.00 ms.
Invoked RoslynAnalysisRunner static constructor.
RoslynAnalysisRunner will not be running.
RoslynAnalysisRunner has terminated.
Mono: successfully reloaded assembly
- Completed reload, in  0.752 seconds
Platform modules already initialized, skipping
Refreshing native plugins compatible for Editor in 0.22 ms, found 0 plugins.
Preloading 0 native plugins for Editor in 0.00 ms.
Unloading 1225 Unused Serialized files (Serialized files now loaded: 0)
System memory in use before: 96.0 MB.
System memory in use after: 95.7 MB.

Unloading 8 unused Assets to reduce memory usage. Loaded Objects now: 1761.
Total: 1.622100 ms (FindLiveObjects: 0.134400 ms CreateObjectMapping: 0.034700 ms MarkObjects: 1.092400 ms  DeleteObjects: 0.359900 ms)

========================================================================
Received Import Request.
  Time since last request: 13.565173 seconds.
  path: Assets/Script/Spawn.cs
  artifactKey: Guid(3bb0706a7007e694fa67d816b2b175e5) Importer(815301076,1909f56bfc062723c751e8b465ee728b)
Start importing Assets/Script/Spawn.cs using Guid(3bb0706a7007e694fa67d816b2b175e5) Importer(815301076,1909f56bfc062723c751e8b465ee728b)  -> (artifact id: '2539c62e1205c0da83072421db16e537') in 0.007629 seconds
  Import took 0.009608 seconds .

========================================================================
Received Prepare
Registering precompiled user dll's ...
Registered in 0.000412 seconds.
Begin MonoManager ReloadAssembly
Native extension for WindowsStandalone target not found
Refreshing native plugins compatible for Editor in 0.22 ms, found 0 plugins.
Preloading 0 native plugins for Editor in 0.00 ms.
Invoked RoslynAnalysisRunner static constructor.
RoslynAnalysisRunner will not be running.
RoslynAnalysisRunner has terminated.
Mono: successfully reloaded assembly
- Completed reload, in  0.761 seconds
Platform modules already initialized, skipping
Refreshing native plugins compatible for Editor in 0.22 ms, found 0 plugins.
Preloading 0 native plugins for Editor in 0.00 ms.
Unloading 1226 Unused Serialized files (Serialized files now loaded: 0)
System memory in use before: 96.1 MB.
System memory in use after: 95.8 MB.

Unloading 7 unused Assets to reduce memory usage. Loaded Objects now: 1765.
Total: 1.555900 ms (FindLiveObjects: 0.144200 ms CreateObjectMapping: 0.033600 ms MarkObjects: 1.045900 ms  DeleteObjects: 0.331300 ms)

========================================================================
Received Prepare
Registering precompiled user dll's ...
Registered in 0.000509 seconds.
Begin MonoManager ReloadAssembly
Native extension for WindowsStandalone target not found
Refreshing native plugins compatible for Editor in 0.23 ms, found 0 plugins.
Preloading 0 native plugins for Editor in 0.00 ms.
Invoked RoslynAnalysisRunner static constructor.
RoslynAnalysisRunner will not be running.
RoslynAnalysisRunner has terminated.
Mono: successfully reloaded assembly
- Completed reload, in  0.820 seconds
Platform modules already initialized, skipping
Refreshing native plugins compatible for Editor in 0.31 ms, found 0 plugins.
Preloading 0 native plugins for Editor in 0.00 ms.
Unloading 1226 Unused Serialized files (Serialized files now loaded: 0)
System memory in use before: 96.1 MB.
System memory in use after: 95.8 MB.

Unloading 7 unused Assets to reduce memory usage. Loaded Objects now: 1768.
Total: 1.643300 ms (FindLiveObjects: 0.124400 ms CreateObjectMapping: 0.038200 ms MarkObjects: 1.117400 ms  DeleteObjects: 0.362300 ms)

========================================================================
Received Import Request.
  Time since last request: 32.351440 seconds.
  path: Assets/Script/Spawn.cs
  artifactKey: Guid(3bb0706a7007e694fa67d816b2b175e5) Importer(815301076,1909f56bfc062723c751e8b465ee728b)
Start importing Assets/Script/Spawn.cs using Guid(3bb0706a7007e694fa67d816b2b175e5) Importer(815301076,1909f56bfc062723c751e8b465ee728b)  -> (artifact id: '338441828335120529a14a31228160b5') in 0.007806 seconds
  Import took 0.010721 seconds .

========================================================================
Received Import Request.
  Time since last request: 81.359830 seconds.
  path: Assets/Script/Spawn.cs
  artifactKey: Guid(3bb0706a7007e694fa67d816b2b175e5) Importer(815301076,1909f56bfc062723c751e8b465ee728b)
Start importing Assets/Script/Spawn.cs using Guid(3bb0706a7007e694fa67d816b2b175e5) Importer(815301076,1909f56bfc062723c751e8b465ee728b)  -> (artifact id: 'b2e841175d0e4f0f4860bc9953b33c67') in 0.005522 seconds
  Import took 0.007220 seconds .

========================================================================
Received Prepare
Registering precompiled user dll's ...
Registered in 0.000468 seconds.
Begin MonoManager ReloadAssembly
Native extension for WindowsStandalone target not found
Refreshing native plugins compatible for Editor in 0.22 ms, found 0 plugins.
Preloading 0 native plugins for Editor in 0.00 ms.
Invoked RoslynAnalysisRunner static constructor.
RoslynAnalysisRunner will not be running.
RoslynAnalysisRunner has terminated.
Mono: successfully reloaded assembly
- Completed reload, in  0.778 seconds
Platform modules already initialized, skipping
Refreshing native plugins compatible for Editor in 0.22 ms, found 0 plugins.
Preloading 0 native plugins for Editor in 0.00 ms.
Unloading 1226 Unused Serialized files (Serialized files now loaded: 0)
System memory in use before: 96.1 MB.
System memory in use after: 95.8 MB.

Unloading 8 unused Assets to reduce memory usage. Loaded Objects now: 1771.
Total: 1.650300 ms (FindLiveObjects: 0.134300 ms CreateObjectMapping: 0.037200 ms MarkObjects: 1.120500 ms  DeleteObjects: 0.357500 ms)

========================================================================
Received Import Request.
  Time since last request: 100.645897 seconds.
  path: Assets/Spawn.cs
  artifactKey: Guid(193eee76864334a41bf1f04ac21b137d) Importer(815301076,1909f56bfc062723c751e8b465ee728b)
Start importing Assets/Spawn.cs using Guid(193eee76864334a41bf1f04ac21b137d) Importer(815301076,1909f56bfc062723c751e8b465ee728b)  -> (artifact id: 'a4909359761a4bb6c4d1298d18d980be') in 0.007499 seconds
  Import took 0.010155 seconds .

========================================================================
Received Import Request.
  Time since last request: 0.001341 seconds.
  path: Assets/Spawn.cs
  artifactKey: Guid(193eee76864334a41bf1f04ac21b137d) Importer(815301076,1909f56bfc062723c751e8b465ee728b)
Start importing Assets/Spawn.cs using Guid(193eee76864334a41bf1f04ac21b137d) Importer(815301076,1909f56bfc062723c751e8b465ee728b)  -> (artifact id: 'a4909359761a4bb6c4d1298d18d980be') in 0.008744 seconds
  Import took 0.011283 seconds .

========================================================================
Received Prepare
Registering precompiled user dll's ...
Registered in 0.000474 seconds.
Begin MonoManager ReloadAssembly
Native extension for WindowsStandalone target not found
Refreshing native plugins compatible for Editor in 0.51 ms, found 0 plugins.
Preloading 0 native plugins for Editor in 0.00 ms.
Invoked RoslynAnalysisRunner static constructor.
RoslynAnalysisRunner will not be running.
RoslynAnalysisRunner has terminated.
Mono: successfully reloaded assembly
- Completed reload, in  0.783 seconds
Platform modules already initialized, skipping
Refreshing native plugins compatible for Editor in 0.30 ms, found 0 plugins.
Preloading 0 native plugins for Editor in 0.00 ms.
Unloading 1225 Unused Serialized files (Serialized files now loaded: 0)
System memory in use before: 96.1 MB.
System memory in use after: 95.8 MB.

Unloading 8 unused Assets to reduce memory usage. Loaded Objects now: 1773.
Total: 1.762400 ms (FindLiveObjects: 0.134300 ms CreateObjectMapping: 0.039700 ms MarkObjects: 1.246900 ms  DeleteObjects: 0.340800 ms)

========================================================================
Received Prepare
Registering precompiled user dll's ...
Registered in 0.000445 seconds.
Begin MonoManager ReloadAssembly
Native extension for WindowsStandalone target not found
Refreshing native plugins compatible for Editor in 0.23 ms, found 0 plugins.
Preloading 0 native plugins for Editor in 0.00 ms.
Invoked RoslynAnalysisRunner static constructor.
RoslynAnalysisRunner will not be running.
RoslynAnalysisRunner has terminated.
Mono: successfully reloaded assembly
- Completed reload, in  0.758 seconds
Platform modules already initialized, skipping
Refreshing native plugins compatible for Editor in 0.23 ms, found 0 plugins.
Preloading 0 native plugins for Editor in 0.00 ms.
Unloading 1226 Unused Serialized files (Serialized files now loaded: 0)
System memory in use before: 96.1 MB.
System memory in use after: 95.8 MB.

Unloading 7 unused Assets to reduce memory usage. Loaded Objects now: 1777.
Total: 1.667700 ms (FindLiveObjects: 0.120900 ms CreateObjectMapping: 0.034100 ms MarkObjects: 1.146800 ms  DeleteObjects: 0.365100 ms)

========================================================================
Received Prepare
Registering precompiled user dll's ...
Registered in 0.000465 seconds.
Begin MonoManager ReloadAssembly
Native extension for WindowsStandalone target not found
Refreshing native plugins compatible for Editor in 0.23 ms, found 0 plugins.
Preloading 0 native plugins for Editor in 0.00 ms.
Invoked RoslynAnalysisRunner static constructor.
RoslynAnalysisRunner will not be running.
RoslynAnalysisRunner has terminated.
Mono: successfully reloaded assembly
- Completed reload, in  0.791 seconds
Platform modules already initialized, skipping
Refreshing native plugins compatible for Editor in 0.43 ms, found 0 plugins.
Preloading 0 native plugins for Editor in 0.00 ms.
Unloading 1226 Unused Serialized files (Serialized files now loaded: 0)
System memory in use before: 96.1 MB.
System memory in use after: 95.8 MB.

Unloading 7 unused Assets to reduce memory usage. Loaded Objects now: 1780.
Total: 2.333400 ms (FindLiveObjects: 0.185900 ms CreateObjectMapping: 0.057100 ms MarkObjects: 1.501600 ms  DeleteObjects: 0.587400 ms)

========================================================================
Received Prepare
Registering precompiled user dll's ...
Registered in 0.000431 seconds.
Begin MonoManager ReloadAssembly
Native extension for WindowsStandalone target not found
Refreshing native plugins compatible for Editor in 0.23 ms, found 0 plugins.
Preloading 0 native plugins for Editor in 0.00 ms.
Invoked RoslynAnalysisRunner static constructor.
RoslynAnalysisRunner will not be running.
RoslynAnalysisRunner has terminated.
Mono: successfully reloaded assembly
- Completed reload, in  0.758 seconds
Platform modules already initialized, skipping
Refreshing native plugins compatible for Editor in 0.23 ms, found 0 plugins.
Preloading 0 native plugins for Editor in 0.00 ms.
Unloading 1226 Unused Serialized files (Serialized files now loaded: 0)
System memory in use before: 96.1 MB.
System memory in use after: 95.8 MB.

Unloading 7 unused Assets to reduce memory usage. Loaded Objects now: 1783.
Total: 1.635800 ms (FindLiveObjects: 0.177400 ms CreateObjectMapping: 0.054300 ms MarkObjects: 1.055400 ms  DeleteObjects: 0.347800 ms)

========================================================================
Received Import Request.
  Time since last request: 118.547881 seconds.
  path: Assets/Spawn.cs
  artifactKey: Guid(193eee76864334a41bf1f04ac21b137d) Importer(815301076,1909f56bfc062723c751e8b465ee728b)
Start importing Assets/Spawn.cs using Guid(193eee76864334a41bf1f04ac21b137d) Importer(815301076,1909f56bfc062723c751e8b465ee728b)  -> (artifact id: 'b02714ad0db2772f45e9144dcbc295f9') in 0.006076 seconds
  Import took 0.007739 seconds .

========================================================================
Received Prepare
Registering precompiled user dll's ...
Registered in 0.000482 seconds.
Begin MonoManager ReloadAssembly
Native extension for WindowsStandalone target not found
Refreshing native plugins compatible for Editor in 0.37 ms, found 0 plugins.
Preloading 0 native plugins for Editor in 0.00 ms.
Invoked RoslynAnalysisRunner static constructor.
RoslynAnalysisRunner will not be running.
RoslynAnalysisRunner has terminated.
Mono: successfully reloaded assembly
- Completed reload, in  0.728 seconds
Platform modules already initialized, skipping
Refreshing native plugins compatible for Editor in 0.23 ms, found 0 plugins.
Preloading 0 native plugins for Editor in 0.00 ms.
Unloading 1225 Unused Serialized files (Serialized files now loaded: 0)
System memory in use before: 96.1 MB.
System memory in use after: 95.8 MB.

Unloading 8 unused Assets to reduce memory usage. Loaded Objects now: 1785.
Total: 1.717400 ms (FindLiveObjects: 0.160600 ms CreateObjectMapping: 0.041600 ms MarkObjects: 1.141000 ms  DeleteObjects: 0.373200 ms)

========================================================================
Received Import Request.
  Time since last request: 16.977121 seconds.
  path: Assets/Script/spawn.cs
  artifactKey: Guid(3bb0706a7007e694fa67d816b2b175e5) Importer(815301076,1909f56bfc062723c751e8b465ee728b)
Start importing Assets/Script/spawn.cs using Guid(3bb0706a7007e694fa67d816b2b175e5) Importer(815301076,1909f56bfc062723c751e8b465ee728b)  -> (artifact id: 'cfd8a5deae4d66906d512aca57d49ffc') in 0.009279 seconds
  Import took 0.011429 seconds .

========================================================================
Received Prepare
Registering precompiled user dll's ...
Registered in 0.000474 seconds.
Begin MonoManager ReloadAssembly
Native extension for WindowsStandalone target not found
Refreshing native plugins compatible for Editor in 0.24 ms, found 0 plugins.
Preloading 0 native plugins for Editor in 0.00 ms.
Invoked RoslynAnalysisRunner static constructor.
RoslynAnalysisRunner will not be running.
RoslynAnalysisRunner has terminated.
Mono: successfully reloaded assembly
- Completed reload, in  0.760 seconds
Platform modules already initialized, skipping
Refreshing native plugins compatible for Editor in 0.24 ms, found 0 plugins.
Preloading 0 native plugins for Editor in 0.00 ms.
Unloading 1226 Unused Serialized files (Serialized files now loaded: 0)
System memory in use before: 96.1 MB.
System memory in use after: 95.8 MB.

Unloading 7 unused Assets to reduce memory usage. Loaded Objects now: 1789.
Total: 1.745500 ms (FindLiveObjects: 0.216000 ms CreateObjectMapping: 0.042200 ms MarkObjects: 1.139700 ms  DeleteObjects: 0.346400 ms)

========================================================================
Received Prepare
Registering precompiled user dll's ...
Registered in 0.000468 seconds.
Begin MonoManager ReloadAssembly
Native extension for WindowsStandalone target not found
Refreshing native plugins compatible for Editor in 0.23 ms, found 0 plugins.
Preloading 0 native plugins for Editor in 0.00 ms.
Invoked RoslynAnalysisRunner static constructor.
RoslynAnalysisRunner will not be running.
RoslynAnalysisRunner has terminated.
Mono: successfully reloaded assembly
- Completed reload, in  0.752 seconds
Platform modules already initialized, skipping
Refreshing native plugins compatible for Editor in 0.24 ms, found 0 plugins.
Preloading 0 native plugins for Editor in 0.00 ms.
Unloading 1226 Unused Serialized files (Serialized files now loaded: 0)
System memory in use before: 96.1 MB.
System memory in use after: 95.8 MB.

Unloading 7 unused Assets to reduce memory usage. Loaded Objects now: 1792.
Total: 1.683900 ms (FindLiveObjects: 0.132600 ms CreateObjectMapping: 0.036900 ms MarkObjects: 1.152600 ms  DeleteObjects: 0.361000 ms)

========================================================================
Received Import Request.
  Time since last request: 20.686576 seconds.
  path: Assets/Script/spawn.cs
  artifactKey: Guid(3bb0706a7007e694fa67d816b2b175e5) Importer(815301076,1909f56bfc062723c751e8b465ee728b)
Start importing Assets/Script/spawn.cs using Guid(3bb0706a7007e694fa67d816b2b175e5) Importer(815301076,1909f56bfc062723c751e8b465ee728b)  -> (artifact id: '7078d78eb2e803f3d1d5c880d97167c5') in 0.007704 seconds
  Import took 0.011175 seconds .

========================================================================
Received Import Request.
  Time since last request: 51.390779 seconds.
  path: Assets/Prefabs/Cube.prefab
  artifactKey: Guid(7b85507cfcd83204ebed22056a96579a) Importer(815301076,1909f56bfc062723c751e8b465ee728b)
Start importing Assets/Prefabs/Cube.prefab using Guid(7b85507cfcd83204ebed22056a96579a) Importer(815301076,1909f56bfc062723c751e8b465ee728b)  -> (artifact id: '11b583ff15aa93ca673e4953fa3b14b8') in 0.117244 seconds
  Import took 0.119152 seconds .

========================================================================
Received Import Request.
  Time since last request: 2.753079 seconds.
  path: Assets/Prefabs/Sphere.prefab
  artifactKey: Guid(535682dff3b67c147ac8783f7b394c20) Importer(815301076,1909f56bfc062723c751e8b465ee728b)
Start importing Assets/Prefabs/Sphere.prefab using Guid(535682dff3b67c147ac8783f7b394c20) Importer(815301076,1909f56bfc062723c751e8b465ee728b)  -> (artifact id: '12454cb9e7d757ad4019be0fe00ade16') in 0.020057 seconds
  Import took 0.026350 seconds .

========================================================================
Received Import Request.
  Time since last request: 2.100076 seconds.
  path: Assets/Prefabs/Capsule.prefab
  artifactKey: Guid(c44a66de9e7765f47b98d28fb320921d) Importer(815301076,1909f56bfc062723c751e8b465ee728b)
Start importing Assets/Prefabs/Capsule.prefab using Guid(c44a66de9e7765f47b98d28fb320921d) Importer(815301076,1909f56bfc062723c751e8b465ee728b)  -> (artifact id: '0756b3926b59f764a4de262f4725894d') in 0.013355 seconds
  Import took 0.015076 seconds .

========================================================================
Received Prepare
Registering precompiled user dll's ...
Registered in 0.000456 seconds.
Begin MonoManager ReloadAssembly
Native extension for WindowsStandalone target not found
Refreshing native plugins compatible for Editor in 0.23 ms, found 0 plugins.
Preloading 0 native plugins for Editor in 0.00 ms.
Invoked RoslynAnalysisRunner static constructor.
RoslynAnalysisRunner will not be running.
RoslynAnalysisRunner has terminated.
Mono: successfully reloaded assembly
- Completed reload, in  0.746 seconds
Platform modules already initialized, skipping
Refreshing native plugins compatible for Editor in 0.22 ms, found 0 plugins.
Preloading 0 native plugins for Editor in 0.00 ms.
Unloading 1226 Unused Serialized files (Serialized files now loaded: 0)
System memory in use before: 99.4 MB.
System memory in use after: 99.1 MB.

Unloading 8 unused Assets to reduce memory usage. Loaded Objects now: 1805.
Total: 1.630600 ms (FindLiveObjects: 0.161100 ms CreateObjectMapping: 0.040400 ms MarkObjects: 1.114800 ms  DeleteObjects: 0.313600 ms)

========================================================================
Received Prepare
Registering precompiled user dll's ...
Registered in 0.000577 seconds.
Begin MonoManager ReloadAssembly
Native extension for WindowsStandalone target not found
Refreshing native plugins compatible for Editor in 0.22 ms, found 0 plugins.
Preloading 0 native plugins for Editor in 0.00 ms.
Invoked RoslynAnalysisRunner static constructor.
RoslynAnalysisRunner will not be running.
RoslynAnalysisRunner has terminated.
Mono: successfully reloaded assembly
- Completed reload, in  0.737 seconds
Platform modules already initialized, skipping
Refreshing native plugins compatible for Editor in 0.24 ms, found 0 plugins.
Preloading 0 native plugins for Editor in 0.00 ms.
Unloading 1226 Unused Serialized files (Serialized files now loaded: 0)
System memory in use before: 99.4 MB.
System memory in use after: 99.1 MB.

Unloading 7 unused Assets to reduce memory usage. Loaded Objects now: 1808.
Total: 1.768800 ms (FindLiveObjects: 0.182600 ms CreateObjectMapping: 0.044900 ms MarkObjects: 1.153600 ms  DeleteObjects: 0.386700 ms)

========================================================================
Received Prepare
Registering precompiled user dll's ...
Registered in 0.000498 seconds.
Begin MonoManager ReloadAssembly
Native extension for WindowsStandalone target not found
Refreshing native plugins compatible for Editor in 0.23 ms, found 0 plugins.
Preloading 0 native plugins for Editor in 0.00 ms.
Invoked RoslynAnalysisRunner static constructor.
RoslynAnalysisRunner will not be running.
RoslynAnalysisRunner has terminated.
Mono: successfully reloaded assembly
- Completed reload, in  0.763 seconds
Platform modules already initialized, skipping
Refreshing native plugins compatible for Editor in 0.23 ms, found 0 plugins.
Preloading 0 native plugins for Editor in 0.00 ms.
Unloading 1226 Unused Serialized files (Serialized files now loaded: 0)
System memory in use before: 99.4 MB.
System memory in use after: 99.1 MB.

Unloading 7 unused Assets to reduce memory usage. Loaded Objects now: 1811.
Total: 1.583200 ms (FindLiveObjects: 0.133300 ms CreateObjectMapping: 0.034600 ms MarkObjects: 1.070800 ms  DeleteObjects: 0.343800 ms)

========================================================================
Received Import Request.
  Time since last request: 3769.481489 seconds.
  path: Assets/Standard Assets/Characters/ThirdPersonCharacter/Scripts/ThirdPersonUserControl.cs
  artifactKey: Guid(521b611700410be45810047f0a74e899) Importer(815301076,1909f56bfc062723c751e8b465ee728b)
Start importing Assets/Standard Assets/Characters/ThirdPersonCharacter/Scripts/ThirdPersonUserControl.cs using Guid(521b611700410be45810047f0a74e899) Importer(815301076,1909f56bfc062723c751e8b465ee728b)  -> (artifact id: '50c586f62dad4b68c439088f14e544e5') in 0.006445 seconds
  Import took 0.008806 seconds .

========================================================================
Received Import Request.
  Time since last request: 0.026985 seconds.
  path: Assets/Standard Assets/Characters/ThirdPersonCharacter/Scripts/ThirdPersonUserControl.cs
  artifactKey: Guid(521b611700410be45810047f0a74e899) Importer(815301076,1909f56bfc062723c751e8b465ee728b)
Start importing Assets/Standard Assets/Characters/ThirdPersonCharacter/Scripts/ThirdPersonUserControl.cs using Guid(521b611700410be45810047f0a74e899) Importer(815301076,1909f56bfc062723c751e8b465ee728b)  -> (artifact id: '50c586f62dad4b68c439088f14e544e5') in 0.005723 seconds
  Import took 0.008162 seconds .

========================================================================
Received Import Request.
  Time since last request: 128.034574 seconds.
  path: Assets/Standard Assets/Characters/FirstPersonCharacter/Prefabs
  artifactKey: Guid(0bfb2599080d5d24e84362b4ae314ae7) Importer(815301076,1909f56bfc062723c751e8b465ee728b)
Start importing Assets/Standard Assets/Characters/FirstPersonCharacter/Prefabs using Guid(0bfb2599080d5d24e84362b4ae314ae7) Importer(815301076,1909f56bfc062723c751e8b465ee728b)  -> (artifact id: 'c9cce6deaa2c5ebd5c5166067a1536d5') in 0.006098 seconds
  Import took 0.008133 seconds .

========================================================================
Received Prepare
Registering precompiled user dll's ...
Registered in 0.000429 seconds.
Begin MonoManager ReloadAssembly
Native extension for WindowsStandalone target not found
Refreshing native plugins compatible for Editor in 0.25 ms, found 0 plugins.
Preloading 0 native plugins for Editor in 0.00 ms.
Invoked RoslynAnalysisRunner static constructor.
RoslynAnalysisRunner will not be running.
RoslynAnalysisRunner has terminated.
Mono: successfully reloaded assembly
- Completed reload, in  1.046 seconds
Platform modules already initialized, skipping
Refreshing native plugins compatible for Editor in 0.46 ms, found 0 plugins.
Preloading 0 native plugins for Editor in 0.00 ms.
Unloading 1226 Unused Serialized files (Serialized files now loaded: 0)
System memory in use before: 99.4 MB.
System memory in use after: 99.1 MB.

Unloading 7 unused Assets to reduce memory usage. Loaded Objects now: 1814.
Total: 3.132600 ms (FindLiveObjects: 0.276400 ms CreateObjectMapping: 0.064600 ms MarkObjects: 1.997400 ms  DeleteObjects: 0.793100 ms)

========================================================================
Received Prepare
Registering precompiled user dll's ...
Registered in 0.000469 seconds.
Begin MonoManager ReloadAssembly
Native extension for WindowsStandalone target not found
Refreshing native plugins compatible for Editor in 0.22 ms, found 0 plugins.
Preloading 0 native plugins for Editor in 0.00 ms.
Invoked RoslynAnalysisRunner static constructor.
RoslynAnalysisRunner will not be running.
RoslynAnalysisRunner has terminated.
Mono: successfully reloaded assembly
- Completed reload, in  0.770 seconds
Platform modules already initialized, skipping
Refreshing native plugins compatible for Editor in 0.23 ms, found 0 plugins.
Preloading 0 native plugins for Editor in 0.00 ms.
Unloading 1226 Unused Serialized files (Serialized files now loaded: 0)
System memory in use before: 99.4 MB.
System memory in use after: 99.1 MB.

Unloading 7 unused Assets to reduce memory usage. Loaded Objects now: 1817.
Total: 1.929800 ms (FindLiveObjects: 0.141300 ms CreateObjectMapping: 0.040700 ms MarkObjects: 1.384400 ms  DeleteObjects: 0.362500 ms)

========================================================================
Received Prepare
Registering precompiled user dll's ...
Registered in 0.000483 seconds.
Begin MonoManager ReloadAssembly
Native extension for WindowsStandalone target not found
Refreshing native plugins compatible for Editor in 0.23 ms, found 0 plugins.
Preloading 0 native plugins for Editor in 0.00 ms.
Invoked RoslynAnalysisRunner static constructor.
RoslynAnalysisRunner will not be running.
RoslynAnalysisRunner has terminated.
Mono: successfully reloaded assembly
- Completed reload, in  0.736 seconds
Platform modules already initialized, skipping
Refreshing native plugins compatible for Editor in 0.23 ms, found 0 plugins.
Preloading 0 native plugins for Editor in 0.00 ms.
Unloading 1226 Unused Serialized files (Serialized files now loaded: 0)
System memory in use before: 99.4 MB.
System memory in use after: 99.1 MB.

Unloading 7 unused Assets to reduce memory usage. Loaded Objects now: 1820.
Total: 1.681600 ms (FindLiveObjects: 0.129800 ms CreateObjectMapping: 0.034200 ms MarkObjects: 1.151600 ms  DeleteObjects: 0.365300 ms)

========================================================================
Received Prepare
Registering precompiled user dll's ...
Registered in 0.000479 seconds.
Begin MonoManager ReloadAssembly
Native extension for WindowsStandalone target not found
Refreshing native plugins compatible for Editor in 0.23 ms, found 0 plugins.
Preloading 0 native plugins for Editor in 0.00 ms.
Invoked RoslynAnalysisRunner static constructor.
RoslynAnalysisRunner will not be running.
RoslynAnalysisRunner has terminated.
Mono: successfully reloaded assembly
- Completed reload, in  0.759 seconds
Platform modules already initialized, skipping
Refreshing native plugins compatible for Editor in 0.23 ms, found 0 plugins.
Preloading 0 native plugins for Editor in 0.00 ms.
Unloading 1226 Unused Serialized files (Serialized files now loaded: 0)
System memory in use before: 99.4 MB.
System memory in use after: 99.1 MB.

Unloading 7 unused Assets to reduce memory usage. Loaded Objects now: 1823.
Total: 1.793300 ms (FindLiveObjects: 0.150000 ms CreateObjectMapping: 0.037500 ms MarkObjects: 1.225900 ms  DeleteObjects: 0.379200 ms)

========================================================================
Received Prepare
Registering precompiled user dll's ...
Registered in 0.000622 seconds.
Begin MonoManager ReloadAssembly
Native extension for WindowsStandalone target not found
Refreshing native plugins compatible for Editor in 0.36 ms, found 0 plugins.
Preloading 0 native plugins for Editor in 0.00 ms.
Invoked RoslynAnalysisRunner static constructor.
RoslynAnalysisRunner will not be running.
RoslynAnalysisRunner has terminated.
Mono: successfully reloaded assembly
- Completed reload, in  0.715 seconds
Platform modules already initialized, skipping
Refreshing native plugins compatible for Editor in 0.23 ms, found 0 plugins.
Preloading 0 native plugins for Editor in 0.00 ms.
Unloading 1226 Unused Serialized files (Serialized files now loaded: 0)
System memory in use before: 99.4 MB.
System memory in use after: 99.1 MB.

Unloading 7 unused Assets to reduce memory usage. Loaded Objects now: 1826.
Total: 1.998700 ms (FindLiveObjects: 0.257300 ms CreateObjectMapping: 0.063900 ms MarkObjects: 1.283700 ms  DeleteObjects: 0.392000 ms)

AssetImportWorkerClient::OnTransportError - code=2 error=End of file
